This file contains any messages produced by compilers while
running configure, to aid debugging if configure makes a mistake.

It was created by giflib configure 5.1.0, which was
generated by GNU Autoconf 2.69.  Invocation command line was

  $ ./configure --enable-static

## --------- ##
## Platform. ##
## --------- ##

hostname = xus-MacBook-Pro.local
uname -m = x86_64
uname -r = 14.0.0
uname -s = Darwin
uname -v = Darwin Kernel Version 14.0.0: Tue Jul 15 23:56:31 PDT 2014; root:xnu-2782.1.43.0.2~1/RELEASE_X86_64

/usr/bin/uname -p = i386
/bin/uname -X     = unknown

/bin/arch              = unknown
/usr/bin/arch -k       = unknown
/usr/convex/getsysinfo = unknown
/usr/bin/hostinfo      = Mach kernel version:
	 Darwin Kernel Version 14.0.0: Tue Jul 15 23:56:31 PDT 2014; root:xnu-2782.1.43.0.2~1/RELEASE_X86_64
Kernel configured for up to 4 processors.
2 processors are physically available.
4 processors are logically available.
Processor type: x86_64h (Intel x86-64h Haswell)
Processors active: 0 1 2 3
Primary memory available: 16.00 gigabytes
Default processor set: 304 tasks, 1568 threads, 4 processors
Load average: 2.59, Mach factor: 1.73
/bin/machine           = unknown
/usr/bin/oslevel       = unknown
/bin/universe          = unknown

PATH: /opt/local/bin
PATH: /opt/local/sbin
PATH: /usr/local/bin
PATH: /usr/bin
PATH: /bin
PATH: /usr/sbin
PATH: /sbin
PATH: /Applications/Server.app/Contents/ServerRoot/usr/bin
PATH: /Applications/Server.app/Contents/ServerRoot/usr/sbin


## ----------- ##
## Core tests. ##
## ----------- ##

configure:2256: checking for a BSD-compatible install
configure:2324: result: /usr/bin/install -c
configure:2335: checking whether build environment is sane
configure:2390: result: yes
configure:2541: checking for a thread-safe mkdir -p
configure:2580: result: ./install-sh -c -d
configure:2587: checking for gawk
configure:2617: result: no
configure:2587: checking for mawk
configure:2617: result: no
configure:2587: checking for nawk
configure:2617: result: no
configure:2587: checking for awk
configure:2603: found /usr/bin/awk
configure:2614: result: awk
configure:2625: checking whether make sets $(MAKE)
configure:2647: result: yes
configure:2676: checking whether make supports nested variables
configure:2693: result: yes
configure:2829: checking whether make supports nested variables
configure:2846: result: yes
configure:2890: checking build system type
configure:2904: result: x86_64-apple-darwin14.0.0
configure:2924: checking host system type
configure:2937: result: x86_64-apple-darwin14.0.0
configure:2978: checking how to print strings
configure:3005: result: printf
configure:3038: checking for style of include used by make
configure:3066: result: GNU
configure:3137: checking for gcc
configure:3153: found /usr/bin/gcc
configure:3164: result: gcc
configure:3393: checking for C compiler version
configure:3402: gcc --version >&5
Apple LLVM version 5.0 (clang-500.2.79) (based on LLVM 3.3svn)
Target: x86_64-apple-darwin14.0.0
Thread model: posix
Configured with: --prefix=/Applications/Xcode.app/Contents/Developer/usr --with-gxx-include-dir=/usr/include/c++/4.2.1
configure:3413: $? = 0
configure:3402: gcc -v >&5
Configured with: --prefix=/Applications/Xcode.app/Contents/Developer/usr --with-gxx-include-dir=/usr/include/c++/4.2.1
Apple LLVM version 5.0 (clang-500.2.79) (based on LLVM 3.3svn)
Target: x86_64-apple-darwin14.0.0
Thread model: posix
configure:3413: $? = 0
configure:3402: gcc -V >&5
clang: error: argument to '-V' is missing (expected 1 value)
clang: error: no input files
configure:3413: $? = 1
configure:3402: gcc -qversion >&5
clang: error: no input files
configure:3413: $? = 1
configure:3433: checking whether the C compiler works
configure:3455: gcc    conftest.c  >&5
configure:3459: $? = 0
configure:3507: result: yes
configure:3510: checking for C compiler default output file name
configure:3512: result: a.out
configure:3518: checking for suffix of executables
configure:3525: gcc -o conftest    conftest.c  >&5
configure:3529: $? = 0
configure:3551: result: 
configure:3573: checking whether we are cross compiling
configure:3581: gcc -o conftest    conftest.c  >&5
configure:3585: $? = 0
configure:3592: ./conftest
configure:3596: $? = 0
configure:3611: result: no
configure:3616: checking for suffix of object files
configure:3638: gcc -c   conftest.c >&5
configure:3642: $? = 0
configure:3663: result: o
configure:3667: checking whether we are using the GNU C compiler
configure:3686: gcc -c   conftest.c >&5
configure:3686: $? = 0
configure:3695: result: yes
configure:3704: checking whether gcc accepts -g
configure:3724: gcc -c -g  conftest.c >&5
configure:3724: $? = 0
configure:3765: result: yes
configure:3782: checking for gcc option to accept ISO C89
configure:3845: gcc  -c -g -O2  conftest.c >&5
configure:3845: $? = 0
configure:3858: result: none needed
configure:3883: checking whether gcc understands -c and -o together
configure:3905: gcc -c conftest.c -o conftest2.o
configure:3908: $? = 0
configure:3905: gcc -c conftest.c -o conftest2.o
configure:3908: $? = 0
configure:3920: result: yes
configure:3939: checking dependency style of gcc
configure:4050: result: gcc3
configure:4065: checking for a sed that does not truncate output
configure:4129: result: /usr/bin/sed
configure:4147: checking for grep that handles long lines and -e
configure:4205: result: /usr/bin/grep
configure:4210: checking for egrep
configure:4272: result: /usr/bin/grep -E
configure:4277: checking for fgrep
configure:4339: result: /usr/bin/grep -F
configure:4374: checking for ld used by gcc
configure:4441: result: /Applications/Xcode.app/Contents/Developer/Toolchains/XcodeDefault.xctoolchain/usr/bin/ld
configure:4448: checking if the linker (/Applications/Xcode.app/Contents/Developer/Toolchains/XcodeDefault.xctoolchain/usr/bin/ld) is GNU ld
configure:4463: result: no
configure:4475: checking for BSD- or MS-compatible name lister (nm)
configure:4524: result: /usr/bin/nm
configure:4654: checking the name lister (/usr/bin/nm) interface
configure:4661: gcc -c -g -O2  conftest.c >&5
configure:4664: /usr/bin/nm "conftest.o"
configure:4667: output
000000000000020c S _some_variable
configure:4674: result: BSD nm
configure:4677: checking whether ln -s works
configure:4681: result: yes
configure:4689: checking the maximum length of command line arguments
configure:4820: result: 196608
configure:4837: checking whether the shell understands some XSI constructs
configure:4847: result: yes
configure:4851: checking whether the shell understands "+="
configure:4857: result: yes
configure:4892: checking how to convert x86_64-apple-darwin14.0.0 file names to x86_64-apple-darwin14.0.0 format
configure:4932: result: func_convert_file_noop
configure:4939: checking how to convert x86_64-apple-darwin14.0.0 file names to toolchain format
configure:4959: result: func_convert_file_noop
configure:4966: checking for /Applications/Xcode.app/Contents/Developer/Toolchains/XcodeDefault.xctoolchain/usr/bin/ld option to reload object files
configure:4973: result: -r
configure:5047: checking for objdump
configure:5077: result: no
configure:5106: checking how to recognize dependent libraries
configure:5304: result: pass_all
configure:5389: checking for dlltool
configure:5419: result: no
configure:5449: checking how to associate runtime and link libraries
configure:5476: result: printf %s\n
configure:5537: checking for ar
configure:5553: found /usr/bin/ar
configure:5564: result: ar
configure:5601: checking for archiver @FILE support
configure:5618: gcc -c -g -O2  conftest.c >&5
configure:5618: $? = 0
configure:5621: ar cru libconftest.a @conftest.lst >&5
ar: @conftest.lst: No such file or directory
configure:5624: $? = 1
configure:5644: result: no
configure:5702: checking for strip
configure:5718: found /usr/bin/strip
configure:5729: result: strip
configure:5801: checking for ranlib
configure:5817: found /usr/bin/ranlib
configure:5828: result: ranlib
configure:5930: checking command to parse /usr/bin/nm output from gcc object
configure:6050: gcc -c -g -O2  conftest.c >&5
configure:6053: $? = 0
configure:6057: /usr/bin/nm conftest.o \| sed -n -e 's/^.*[ ]\([BCDEGRST][BCDEGRST]*\)[ ][ ]*\([_A-Za-z][_A-Za-z0-9]*\)$/\1 \2 \2/p' | sed '/ __gnu_lto/d' \> conftest.nm
configure:6060: $? = 0
cannot find nm_test_var in conftest.nm
configure:6050: gcc -c -g -O2  conftest.c >&5
configure:6053: $? = 0
configure:6057: /usr/bin/nm conftest.o \| sed -n -e 's/^.*[ ]\([BCDEGRST][BCDEGRST]*\)[ ][ ]*_\([_A-Za-z][_A-Za-z0-9]*\)$/\1 _\2 \2/p' | sed '/ __gnu_lto/d' \> conftest.nm
configure:6060: $? = 0
configure:6126: gcc -o conftest -g -O2   conftest.c conftstm.o >&5
configure:6129: $? = 0
configure:6167: result: ok
configure:6204: checking for sysroot
configure:6234: result: no
configure:6497: checking for mt
configure:6527: result: no
configure:6547: checking if : is a manifest tool
configure:6553: : '-?'
configure:6561: result: no
configure:6617: checking for dsymutil
configure:6633: found /usr/bin/dsymutil
configure:6644: result: dsymutil
configure:6709: checking for nmedit
configure:6725: found /usr/bin/nmedit
configure:6736: result: nmedit
configure:6801: checking for lipo
configure:6817: found /usr/bin/lipo
configure:6828: result: lipo
configure:6893: checking for otool
configure:6909: found /usr/bin/otool
configure:6920: result: otool
configure:6985: checking for otool64
configure:7015: result: no
configure:7060: checking for -single_module linker flag
gcc -g -O2  -o libconftest.dylib -dynamiclib -Wl,-single_module conftest.c
configure:7093: result: yes
configure:7096: checking for -exported_symbols_list linker flag
configure:7116: gcc -o conftest -g -O2   -Wl,-exported_symbols_list,conftest.sym conftest.c  >&5
configure:7116: $? = 0
configure:7126: result: yes
configure:7129: checking for -force_load linker flag
gcc -g -O2 -c -o conftest.o conftest.c
ar cru libconftest.a conftest.o
ranlib libconftest.a
gcc -g -O2  -o conftest conftest.c -Wl,-force_load,./libconftest.a
configure:7161: result: yes
configure:7203: checking how to run the C preprocessor
configure:7234: gcc -E  conftest.c
configure:7234: $? = 0
configure:7248: gcc -E  conftest.c
conftest.c:11:10: fatal error: 'ac_nonexistent.h' file not found
#include <ac_nonexistent.h>
         ^
1 error generated.
configure:7248: $? = 1
configure: failed program was:
| /* confdefs.h */
| #define PACKAGE_NAME "giflib"
| #define PACKAGE_TARNAME "giflib"
| #define PACKAGE_VERSION "5.1.0"
| #define PACKAGE_STRING "giflib 5.1.0"
| #define PACKAGE_BUGREPORT "esr@thyrsus.com"
| #define PACKAGE_URL ""
| #define PACKAGE "giflib"
| #define VERSION "5.1.0"
| /* end confdefs.h.  */
| #include <ac_nonexistent.h>
configure:7273: result: gcc -E
configure:7293: gcc -E  conftest.c
configure:7293: $? = 0
configure:7307: gcc -E  conftest.c
conftest.c:11:10: fatal error: 'ac_nonexistent.h' file not found
#include <ac_nonexistent.h>
         ^
1 error generated.
configure:7307: $? = 1
configure: failed program was:
| /* confdefs.h */
| #define PACKAGE_NAME "giflib"
| #define PACKAGE_TARNAME "giflib"
| #define PACKAGE_VERSION "5.1.0"
| #define PACKAGE_STRING "giflib 5.1.0"
| #define PACKAGE_BUGREPORT "esr@thyrsus.com"
| #define PACKAGE_URL ""
| #define PACKAGE "giflib"
| #define VERSION "5.1.0"
| /* end confdefs.h.  */
| #include <ac_nonexistent.h>
configure:7336: checking for ANSI C header files
configure:7356: gcc -c -g -O2  conftest.c >&5
configure:7356: $? = 0
configure:7429: gcc -o conftest -g -O2   conftest.c  >&5
configure:7429: $? = 0
configure:7429: ./conftest
configure:7429: $? = 0
configure:7440: result: yes
configure:7453: checking for sys/types.h
configure:7453: gcc -c -g -O2  conftest.c >&5
configure:7453: $? = 0
configure:7453: result: yes
configure:7453: checking for sys/stat.h
configure:7453: gcc -c -g -O2  conftest.c >&5
configure:7453: $? = 0
configure:7453: result: yes
configure:7453: checking for stdlib.h
configure:7453: gcc -c -g -O2  conftest.c >&5
configure:7453: $? = 0
configure:7453: result: yes
configure:7453: checking for string.h
configure:7453: gcc -c -g -O2  conftest.c >&5
configure:7453: $? = 0
configure:7453: result: yes
configure:7453: checking for memory.h
configure:7453: gcc -c -g -O2  conftest.c >&5
configure:7453: $? = 0
configure:7453: result: yes
configure:7453: checking for strings.h
configure:7453: gcc -c -g -O2  conftest.c >&5
configure:7453: $? = 0
configure:7453: result: yes
configure:7453: checking for inttypes.h
configure:7453: gcc -c -g -O2  conftest.c >&5
configure:7453: $? = 0
configure:7453: result: yes
configure:7453: checking for stdint.h
configure:7453: gcc -c -g -O2  conftest.c >&5
configure:7453: $? = 0
configure:7453: result: yes
configure:7453: checking for unistd.h
configure:7453: gcc -c -g -O2  conftest.c >&5
configure:7453: $? = 0
configure:7453: result: yes
configure:7467: checking for dlfcn.h
configure:7467: gcc -c -g -O2  conftest.c >&5
configure:7467: $? = 0
configure:7467: result: yes
configure:7673: checking for objdir
configure:7688: result: .libs
configure:7959: checking if gcc supports -fno-rtti -fno-exceptions
configure:7977: gcc -c -g -O2  -fno-rtti -fno-exceptions conftest.c >&5
configure:7981: $? = 0
configure:7994: result: yes
configure:8321: checking for gcc option to produce PIC
configure:8328: result: -fno-common -DPIC
configure:8336: checking if gcc PIC flag -fno-common -DPIC works
configure:8354: gcc -c -g -O2  -fno-common -DPIC -DPIC conftest.c >&5
configure:8358: $? = 0
configure:8371: result: yes
configure:8400: checking if gcc static flag -static works
configure:8428: result: no
configure:8443: checking if gcc supports -c -o file.o
configure:8464: gcc -c -g -O2  -o out/conftest2.o conftest.c >&5
configure:8468: $? = 0
configure:8490: result: yes
configure:8498: checking if gcc supports -c -o file.o
configure:8545: result: yes
configure:8578: checking whether the gcc linker (/Applications/Xcode.app/Contents/Developer/Toolchains/XcodeDefault.xctoolchain/usr/bin/ld) supports shared libraries
configure:9735: result: yes
configure:9975: checking dynamic linker characteristics
configure:10709: result: darwin14.0.0 dyld
configure:10816: checking how to hardcode library paths into programs
configure:10841: result: immediate
configure:11381: checking whether stripping libraries is possible
configure:11395: result: yes
configure:11421: checking if libtool supports shared libraries
configure:11423: result: yes
configure:11426: checking whether to build shared libraries
configure:11447: result: yes
configure:11450: checking whether to build static libraries
configure:11454: result: yes
configure:11539: checking for gcc
configure:11566: result: gcc
configure:11795: checking for C compiler version
configure:11804: gcc --version >&5
Apple LLVM version 5.0 (clang-500.2.79) (based on LLVM 3.3svn)
Target: x86_64-apple-darwin14.0.0
Thread model: posix
Configured with: --prefix=/Applications/Xcode.app/Contents/Developer/usr --with-gxx-include-dir=/usr/include/c++/4.2.1
configure:11815: $? = 0
configure:11804: gcc -v >&5
Configured with: --prefix=/Applications/Xcode.app/Contents/Developer/usr --with-gxx-include-dir=/usr/include/c++/4.2.1
Apple LLVM version 5.0 (clang-500.2.79) (based on LLVM 3.3svn)
Target: x86_64-apple-darwin14.0.0
Thread model: posix
configure:11815: $? = 0
configure:11804: gcc -V >&5
clang: error: argument to '-V' is missing (expected 1 value)
clang: error: no input files
configure:11815: $? = 1
configure:11804: gcc -qversion >&5
clang: error: no input files
configure:11815: $? = 1
configure:11819: checking whether we are using the GNU C compiler
configure:11847: result: yes
configure:11856: checking whether gcc accepts -g
configure:11917: result: yes
configure:11934: checking for gcc option to accept ISO C89
configure:12010: result: none needed
configure:12035: checking whether gcc understands -c and -o together
configure:12072: result: yes
configure:12091: checking dependency style of gcc
configure:12202: result: gcc3
configure:12222: checking how to run the C preprocessor
configure:12292: result: gcc -E
configure:12312: gcc -E  conftest.c
configure:12312: $? = 0
configure:12326: gcc -E  conftest.c
conftest.c:23:10: fatal error: 'ac_nonexistent.h' file not found
#include <ac_nonexistent.h>
         ^
1 error generated.
configure:12326: $? = 1
configure: failed program was:
| /* confdefs.h */
| #define PACKAGE_NAME "giflib"
| #define PACKAGE_TARNAME "giflib"
| #define PACKAGE_VERSION "5.1.0"
| #define PACKAGE_STRING "giflib 5.1.0"
| #define PACKAGE_BUGREPORT "esr@thyrsus.com"
| #define PACKAGE_URL ""
| #define PACKAGE "giflib"
| #define VERSION "5.1.0"
| #define STDC_HEADERS 1
| #define HAVE_SYS_TYPES_H 1
| #define HAVE_SYS_STAT_H 1
| #define HAVE_STDLIB_H 1
| #define HAVE_STRING_H 1
| #define HAVE_MEMORY_H 1
| #define HAVE_STRINGS_H 1
| #define HAVE_INTTYPES_H 1
| #define HAVE_STDINT_H 1
| #define HAVE_UNISTD_H 1
| #define HAVE_DLFCN_H 1
| #define LT_OBJDIR ".libs/"
| /* end confdefs.h.  */
| #include <ac_nonexistent.h>
configure:12355: checking whether ln -s works
configure:12359: result: yes
configure:12366: checking whether make sets $(MAKE)
configure:12388: result: yes
configure:12401: checking for xmlto
configure:12429: result: no
configure:12455: checking limits.h usability
configure:12455: gcc -c -g -O2 -Wall  conftest.c >&5
configure:12455: $? = 0
configure:12455: result: yes
configure:12455: checking limits.h presence
configure:12455: gcc -E  conftest.c
configure:12455: $? = 0
configure:12455: result: yes
configure:12455: checking for limits.h
configure:12455: result: yes
configure:12469: checking fcntl.h usability
configure:12469: gcc -c -g -O2 -Wall  conftest.c >&5
configure:12469: $? = 0
configure:12469: result: yes
configure:12469: checking fcntl.h presence
configure:12469: gcc -E  conftest.c
configure:12469: $? = 0
configure:12469: result: yes
configure:12469: checking for fcntl.h
configure:12469: result: yes
configure:12483: checking for stdint.h
configure:12483: result: yes
configure:12497: checking stdarg.h usability
configure:12497: gcc -c -g -O2 -Wall  conftest.c >&5
configure:12497: $? = 0
configure:12497: result: yes
configure:12497: checking stdarg.h presence
configure:12497: gcc -E  conftest.c
configure:12497: $? = 0
configure:12497: result: yes
configure:12497: checking for stdarg.h
configure:12497: result: yes
configure:12620: checking that generated files are newer than configure
configure:12626: result: done
configure:12657: creating ./config.status

## ---------------------- ##
## Running config.status. ##
## ---------------------- ##

This file was extended by giflib config.status 5.1.0, which was
generated by GNU Autoconf 2.69.  Invocation command line was

  CONFIG_FILES    = 
  CONFIG_HEADERS  = 
  CONFIG_LINKS    = 
  CONFIG_COMMANDS = 
  $ ./config.status 

on xus-MacBook-Pro.local

config.status:1089: creating util/Makefile
config.status:1089: creating lib/Makefile
config.status:1089: creating Makefile
config.status:1089: creating doc/Makefile
config.status:1089: creating pic/Makefile
config.status:1089: creating config.h
config.status:1270: config.h is unchanged
config.status:1318: executing depfiles commands
config.status:1318: executing libtool commands

## ---------------- ##
## Cache variables. ##
## ---------------- ##

ac_cv_build=x86_64-apple-darwin14.0.0
ac_cv_c_compiler_gnu=yes
ac_cv_env_CC_set=
ac_cv_env_CC_value=
ac_cv_env_CFLAGS_set=
ac_cv_env_CFLAGS_value=
ac_cv_env_CPPFLAGS_set=
ac_cv_env_CPPFLAGS_value=
ac_cv_env_CPP_set=
ac_cv_env_CPP_value=
ac_cv_env_LDFLAGS_set=
ac_cv_env_LDFLAGS_value=
ac_cv_env_LIBS_set=
ac_cv_env_LIBS_value=
ac_cv_env_build_alias_set=
ac_cv_env_build_alias_value=
ac_cv_env_host_alias_set=
ac_cv_env_host_alias_value=
ac_cv_env_target_alias_set=
ac_cv_env_target_alias_value=
ac_cv_header_dlfcn_h=yes
ac_cv_header_fcntl_h=yes
ac_cv_header_inttypes_h=yes
ac_cv_header_limits_h=yes
ac_cv_header_memory_h=yes
ac_cv_header_stdarg_h=yes
ac_cv_header_stdc=yes
ac_cv_header_stdint_h=yes
ac_cv_header_stdlib_h=yes
ac_cv_header_string_h=yes
ac_cv_header_strings_h=yes
ac_cv_header_sys_stat_h=yes
ac_cv_header_sys_types_h=yes
ac_cv_header_unistd_h=yes
ac_cv_host=x86_64-apple-darwin14.0.0
ac_cv_objext=o
ac_cv_path_EGREP='/usr/bin/grep -E'
ac_cv_path_FGREP='/usr/bin/grep -F'
ac_cv_path_GREP=/usr/bin/grep
ac_cv_path_SED=/usr/bin/sed
ac_cv_path_install='/usr/bin/install -c'
ac_cv_prog_AWK=awk
ac_cv_prog_CPP='gcc -E'
ac_cv_prog_ac_ct_AR=ar
ac_cv_prog_ac_ct_CC=gcc
ac_cv_prog_ac_ct_DSYMUTIL=dsymutil
ac_cv_prog_ac_ct_LIPO=lipo
ac_cv_prog_ac_ct_NMEDIT=nmedit
ac_cv_prog_ac_ct_OTOOL=otool
ac_cv_prog_ac_ct_RANLIB=ranlib
ac_cv_prog_ac_ct_STRIP=strip
ac_cv_prog_cc_c89=
ac_cv_prog_cc_g=yes
ac_cv_prog_have_xmlto=no
ac_cv_prog_make_make_set=yes
am_cv_CC_dependencies_compiler_type=gcc3
am_cv_make_support_nested_variables=yes
am_cv_prog_cc_c_o=yes
lt_cv_apple_cc_single_mod=yes
lt_cv_ar_at_file=no
lt_cv_deplibs_check_method=pass_all
lt_cv_file_magic_cmd='$MAGIC_CMD'
lt_cv_file_magic_test_file=
lt_cv_ld_exported_symbols_list=yes
lt_cv_ld_force_load=yes
lt_cv_ld_reload_flag=-r
lt_cv_nm_interface='BSD nm'
lt_cv_objdir=.libs
lt_cv_path_LD=/Applications/Xcode.app/Contents/Developer/Toolchains/XcodeDefault.xctoolchain/usr/bin/ld
lt_cv_path_NM=/usr/bin/nm
lt_cv_path_mainfest_tool=no
lt_cv_prog_compiler_c_o=yes
lt_cv_prog_compiler_pic='-fno-common -DPIC'
lt_cv_prog_compiler_pic_works=yes
lt_cv_prog_compiler_rtti_exceptions=yes
lt_cv_prog_compiler_static_works=no
lt_cv_prog_gnu_ld=no
lt_cv_sharedlib_from_linklib_cmd='printf %s\n'
lt_cv_sys_global_symbol_pipe='sed -n -e '\''s/^.*[	 ]\([BCDEGRST][BCDEGRST]*\)[	 ][	 ]*_\([_A-Za-z][_A-Za-z0-9]*\)$/\1 _\2 \2/p'\'' | sed '\''/ __gnu_lto/d'\'''
lt_cv_sys_global_symbol_to_c_name_address='sed -n -e '\''s/^: \([^ ]*\)[ ]*$/  {\"\1\", (void *) 0},/p'\'' -e '\''s/^[BCDEGRST]* \([^ ]*\) \([^ ]*\)$/  {"\2", (void *) \&\2},/p'\'''
lt_cv_sys_global_symbol_to_c_name_address_lib_prefix='sed -n -e '\''s/^: \([^ ]*\)[ ]*$/  {\"\1\", (void *) 0},/p'\'' -e '\''s/^[BCDEGRST]* \([^ ]*\) \(lib[^ ]*\)$/  {"\2", (void *) \&\2},/p'\'' -e '\''s/^[BCDEGRST]* \([^ ]*\) \([^ ]*\)$/  {"lib\2", (void *) \&\2},/p'\'''
lt_cv_sys_global_symbol_to_cdecl='sed -n -e '\''s/^T .* \(.*\)$/extern int \1();/p'\'' -e '\''s/^[BCDEGRST]* .* \(.*\)$/extern char \1;/p'\'''
lt_cv_sys_max_cmd_len=196608
lt_cv_to_host_file_cmd=func_convert_file_noop
lt_cv_to_tool_file_cmd=func_convert_file_noop

## ----------------- ##
## Output variables. ##
## ----------------- ##

ACLOCAL='${SHELL} /Users/xulian/Downloads/giflib-5.1.0/missing aclocal-1.14'
AMDEPBACKSLASH='\'
AMDEP_FALSE='#'
AMDEP_TRUE=''
AMTAR='$${TAR-tar}'
AM_BACKSLASH='\'
AM_DEFAULT_V='$(AM_DEFAULT_VERBOSITY)'
AM_DEFAULT_VERBOSITY='0'
AM_V='$(V)'
AR='ar'
AUTOCONF='${SHELL} /Users/xulian/Downloads/giflib-5.1.0/missing autoconf'
AUTOHEADER='${SHELL} /Users/xulian/Downloads/giflib-5.1.0/missing autoheader'
AUTOMAKE='${SHELL} /Users/xulian/Downloads/giflib-5.1.0/missing automake-1.14'
AWK='awk'
BUILD_DOC_FALSE=''
BUILD_DOC_TRUE='#'
CC='gcc'
CCDEPMODE='depmode=gcc3'
CFLAGS='-g -O2 -Wall'
CPP='gcc -E'
CPPFLAGS=''
CYGPATH_W='echo'
DEFS='-DHAVE_CONFIG_H'
DEPDIR='.deps'
DLLTOOL='false'
DSYMUTIL='dsymutil'
DUMPBIN=''
ECHO_C='\c'
ECHO_N=''
ECHO_T=''
EGREP='/usr/bin/grep -E'
EXEEXT=''
FGREP='/usr/bin/grep -F'
GREP='/usr/bin/grep'
INSTALL_DATA='${INSTALL} -m 644'
INSTALL_PROGRAM='${INSTALL}'
INSTALL_SCRIPT='${INSTALL}'
INSTALL_STRIP_PROGRAM='$(install_sh) -c -s'
LD='/Applications/Xcode.app/Contents/Developer/Toolchains/XcodeDefault.xctoolchain/usr/bin/ld'
LDFLAGS=''
LIBOBJS=''
LIBS=''
LIBTOOL='$(SHELL) $(top_builddir)/libtool'
LIPO='lipo'
LN_S='ln -s'
LTLIBOBJS=''
MAKEINFO='${SHELL} /Users/xulian/Downloads/giflib-5.1.0/missing makeinfo'
MANIFEST_TOOL=':'
MKDIR_P='./install-sh -c -d'
NM='/usr/bin/nm'
NMEDIT='nmedit'
OBJDUMP='false'
OBJEXT='o'
OTOOL64=':'
OTOOL='otool'
PACKAGE='giflib'
PACKAGE_BUGREPORT='esr@thyrsus.com'
PACKAGE_NAME='giflib'
PACKAGE_STRING='giflib 5.1.0'
PACKAGE_TARNAME='giflib'
PACKAGE_URL=''
PACKAGE_VERSION='5.1.0'
PATH_SEPARATOR=':'
RANLIB='ranlib'
SED='/usr/bin/sed'
SET_MAKE=''
SHELL='/bin/sh'
SHLIBVERSION='7:0:0'
STRIP='strip'
VERSION='5.1.0'
ac_ct_AR='ar'
ac_ct_CC='gcc'
ac_ct_DUMPBIN=''
am__EXEEXT_FALSE=''
am__EXEEXT_TRUE='#'
am__fastdepCC_FALSE='#'
am__fastdepCC_TRUE=''
am__include='include'
am__isrc=''
am__leading_dot='.'
am__nodep='_no'
am__quote=''
am__tar='$${TAR-tar} chof - "$$tardir"'
am__untar='$${TAR-tar} xf -'
bindir='${exec_prefix}/bin'
build='x86_64-apple-darwin14.0.0'
build_alias=''
build_cpu='x86_64'
build_os='darwin14.0.0'
build_vendor='apple'
datadir='${datarootdir}'
datarootdir='${prefix}/share'
docdir='${datarootdir}/doc/${PACKAGE_TARNAME}'
dvidir='${docdir}'
exec_prefix='${prefix}'
have_xmlto='no'
host='x86_64-apple-darwin14.0.0'
host_alias=''
host_cpu='x86_64'
host_os='darwin14.0.0'
host_vendor='apple'
htmldir='${docdir}'
includedir='${prefix}/include'
infodir='${datarootdir}/info'
install_sh='${SHELL} /Users/xulian/Downloads/giflib-5.1.0/install-sh'
libdir='${exec_prefix}/lib'
libexecdir='${exec_prefix}/libexec'
localedir='${datarootdir}/locale'
localstatedir='${prefix}/var'
mandir='${datarootdir}/man'
mkdir_p='$(MKDIR_P)'
oldincludedir='/usr/include'
pdfdir='${docdir}'
prefix='/usr/local'
program_transform_name='s,x,x,'
psdir='${docdir}'
sbindir='${exec_prefix}/sbin'
sharedstatedir='${prefix}/com'
sysconfdir='${prefix}/etc'
target_alias=''

## ----------- ##
## confdefs.h. ##
## ----------- ##

/* confdefs.h */
#define PACKAGE_NAME "giflib"
#define PACKAGE_TARNAME "giflib"
#define PACKAGE_VERSION "5.1.0"
#define PACKAGE_STRING "giflib 5.1.0"
#define PACKAGE_BUGREPORT "esr@thyrsus.com"
#define PACKAGE_URL ""
#define PACKAGE "giflib"
#define VERSION "5.1.0"
#define STDC_HEADERS 1
#define HAVE_SYS_TYPES_H 1
#define HAVE_SYS_STAT_H 1
#define HAVE_STDLIB_H 1
#define HAVE_STRING_H 1
#define HAVE_MEMORY_H 1
#define HAVE_STRINGS_H 1
#define HAVE_INTTYPES_H 1
#define HAVE_STDINT_H 1
#define HAVE_UNISTD_H 1
#define HAVE_DLFCN_H 1
#define LT_OBJDIR ".libs/"
#define HAVE_LIMITS_H 1
#define HAVE_FCNTL_H 1
#define HAVE_STDINT_H 1
#define HAVE_STDARG_H 1

configure: exit 0
